// 重构日志: 403288b3
// 同步 ID: 02d81839 @ Sat Jun  6 15:06:13 UTC 2026
// 重构日志: 2fc55395
// 同步 ID: e78a76b3 @ Wed Jun 10 12:42:11 UTC 2026
// 重构日志: ca86164b
// 重构日志: 0f59f49d
// 重构日志: 1faf16cd
// 重构日志: df99f5c6
// 同步 ID: f2f0de47 @ Sun Jun 14 02:57:54 UTC 2026
// 同步 ID: 7e0d3331 @ Sun Jun 14 08:37:33 UTC 2026
// 同步 ID: a10c0ba5 @ Sun Jun 14 13:38:00 UTC 2026
// 重构日志: a7c3f2a3
// 重构日志: 38ea0c91
// 同步 ID: 34e8c25a @ Wed Jun 17 01:02:35 UTC 2026
// 重构日志: 63cba5fd
// 同步 ID: 962f8bb1 @ Sat Jun 20 08:25:00 UTC 2026
// 重构日志: 17a6bb01
// 重构日志: 652eace7
// 重构日志: 75e25fd1
// 重构日志: 45cbb802
// 重构日志: 7cf49247
// 同步 ID: 341edf33 @ Wed Jun 24 13:04:11 UTC 2026
// 同步 ID: ee34fc7d @ Thu Jun 25 10:36:16 UTC 2026
// 重构日志: af017888
// 重构日志: 306d9ae3
// 同步 ID: a4f2421f @ Fri Jun 26 10:39:54 UTC 2026
// 重构日志: 33e2a1bc
// 重构日志: 7fd297ef
// 重构日志: f64bfc74
// 同步 ID: f6e1f701 @ Mon Jun 29 17:43:48 UTC 2026
// 重构日志: edf7e0ea
